Arguments: 
  C:\Program Files\nodejs\node.exe C:\Program Files\Yarn\bin\yarn.js add node-sass

PATH: 
  C:\Program Files\Intel\TXE Components\TCS\;C:\WINDOWS\system32;C:\WINDOWS;C:\WINDOWS\System32\Wbem;C:\WINDOWS\System32\WindowsPowerShell\v1.0\;D:\Java JDK\bin;C:\Program Files\MongoDB\Server\3.2\bin;C:\Program Files\Git\cmd;C:\Users\KillerSoft\AppData\Local\Android\sdk\platform-tools;C:\Users\KillerSoft\AppData\Local\Android\sdk;C:\MinGW\bin;C:\Program Files\Yarn\bin\;C:\Program Files\Calibre2\;C:\Program Files\nodejs\;C:\Users\KillerSoft\AppData\Local\Programs\Microsoft VS Code\bin;C:\FFmpeg\bin;C:\sdk-tools-windows-4333796\platform-tools;C:\Users\KillerSoft\AppData\Local\Yarn\bin;C:\Users\KillerSoft\AppData\Roaming\npm

Yarn version: 
  1.17.3

Node version: 
  12.13.1

Platform: 
  win32 ia32

Trace: 
  Error: getaddrinfo ENOTFOUND registry.yarnpkg.com
      at GetAddrInfoReqWrap.onlookup [as oncomplete] (dns.js:60:26)

npm manifest: 
  {
    "name": "svelte-app",
    "version": "1.0.0",
    "scripts": {
      "build": "rollup -c",
      "dev": "rollup -c -w",
      "start": "sirv public"
    },
    "devDependencies": {
      "autoprefixer": "^9.7.3",
      "postcss": "^7.0.24",
      "postcss-load-config": "^2.1.0",
      "rollup": "^1.12.0",
      "rollup-plugin-commonjs": "^10.0.0",
      "rollup-plugin-livereload": "^1.0.0",
      "rollup-plugin-node-resolve": "^5.2.0",
      "rollup-plugin-svelte": "^5.0.3",
      "rollup-plugin-terser": "^5.1.2",
      "sass": "^1.23.7",
      "svelte": "^3.0.0",
      "svelte-preprocess": "^3.2.6"
    },
    "dependencies": {
      "sirv-cli": "^0.4.4"
    }
  }

yarn manifest: 
  No manifest

Lockfile: 
  No lockfile
